2026-02-26 18:23:09,195 INFO  org.apache.flink.runtime.executiongraph.ExecutionGraph       [] - Source: ecommerce_kafka_source[1] -> (Calc[2] -> LocalWindowAggregate[3], Calc[8] -> ConstraintEnforcer[9]) (1/1) (325b4bbaf2811e692ba2f36ab929b711_e3dfc0d7e9ecd8a43f85f0b68ebf3b80_0_202) switched from DEPLOYING to INITIALIZING.
2026-02-26 18:23:09,196 INFO  org.apache.flink.runtime.executiongraph.ExecutionGraph       [] - GlobalWindowAggregate[5] -> Calc[6] -> ConstraintEnforcer[7] (1/1) (325b4bbaf2811e692ba2f36ab929b711_b4aad71b19987a9b4ab3df8419834343_0_202) switched from DEPLOYING to INITIALIZING.
2026-02-26 18:23:09,197 INFO  org.apache.flink.runtime.executiongraph.ExecutionGraph       [] - IcebergStreamWriter (1/1) (325b4bbaf2811e692ba2f36ab929b711_0d53c332b8750f764bbfb292788c2ab4_0_202) switched from DEPLOYING to INITIALIZING.
2026-02-26 18:23:09,200 INFO  org.apache.flink.runtime.executiongraph.ExecutionGraph       [] - IcebergStreamWriter (1/1) (325b4bbaf2811e692ba2f36ab929b711_c6896de44db0507f29b53f17bbdc9b91_0_202) switched from DEPLOYING to INITIALIZING.
2026-02-26 18:23:09,201 INFO  org.apache.flink.runtime.executiongraph.ExecutionGraph       [] - IcebergFilesCommitter -> Sink: IcebergSink iceberg.ecommerce.live_cart_metrics (1/1) (325b4bbaf2811e692ba2f36ab929b711_4bd66da04bd65761bc3ab578cbeb4c9c_0_202) switched from DEPLOYING to INITIALIZING.
2026-02-26 18:23:09,210 INFO  org.apache.flink.runtime.executiongraph.ExecutionGraph       [] - IcebergFilesCommitter -> Sink: IcebergSink iceberg.ecommerce.recent_events (1/1) (325b4bbaf2811e692ba2f36ab929b711_50eca1d9ac2432a4a999299c9adf674c_0_202) switched from DEPLOYING to INITIALIZING.
2026-02-26 18:23:09,218 INFO  org.apache.flink.runtime.source.coordinator.SourceCoordinator [] - Source Source: ecommerce_kafka_source[1] registering reader for parallel task 0 (#202) @ 172.22.0.6
2026-02-26 18:23:09,219 INFO  org.apache.flink.connector.kafka.source.enumerator.KafkaSourceEnumerator [] - Assigning splits to readers {0=[[Partition: ecommerce_events-0, StartingOffset: 342, StoppingOffset: -9223372036854775808]]}
2026-02-26 18:23:09,224 INFO  org.apache.flink.runtime.executiongraph.ExecutionGraph       [] - Source: ecommerce_kafka_source[1] -> (Calc[2] -> LocalWindowAggregate[3], Calc[8] -> ConstraintEnforcer[9]) (1/1) (325b4bbaf2811e692ba2f36ab929b711_e3dfc0d7e9ecd8a43f85f0b68ebf3b80_0_202) switched from INITIALIZING to RUNNING.
2026-02-26 18:23:09,256 INFO  org.apache.flink.runtime.executiongraph.ExecutionGraph       [] - IcebergFilesCommitter -> Sink: IcebergSink iceberg.ecommerce.live_cart_metrics (1/1) (325b4bbaf2811e692ba2f36ab929b711_4bd66da04bd65761bc3ab578cbeb4c9c_0_202) switched from INITIALIZING to RUNNING.
2026-02-26 18:23:09,263 INFO  org.apache.flink.runtime.executiongraph.ExecutionGraph       [] - IcebergFilesCommitter -> Sink: IcebergSink iceberg.ecommerce.recent_events (1/1) (325b4bbaf2811e692ba2f36ab929b711_50eca1d9ac2432a4a999299c9adf674c_0_202) switched from INITIALIZING to RUNNING.
2026-02-26 18:23:09,290 INFO  org.apache.flink.runtime.executiongraph.ExecutionGraph       [] - Source: ecommerce_kafka_source[1] -> (Calc[2] -> LocalWindowAggregate[3], Calc[8] -> ConstraintEnforcer[9]) (1/1) (325b4bbaf2811e692ba2f36ab929b711_e3dfc0d7e9ecd8a43f85f0b68ebf3b80_0_202) switched from RUNNING to FAILED on 172.22.0.6:41503-29d631 @ taskmanager.streaming-lakehouse_default (dataPort=46279).
java.io.IOException: Failed to deserialize consumer record due to
	at org.apache.flink.connector.kafka.source.reader.KafkaRecordEmitter.emitRecord(KafkaRecordEmitter.java:56) ~[flink-sql-connector-kafka-3.1.0-1.18.jar:3.1.0-1.18]
	at org.apache.flink.connector.kafka.source.reader.KafkaRecordEmitter.emitRecord(KafkaRecordEmitter.java:33) ~[flink-sql-connector-kafka-3.1.0-1.18.jar:3.1.0-1.18]
	at org.apache.flink.connector.base.source.reader.SourceReaderBase.pollNext(SourceReaderBase.java:160) ~[flink-connector-files-1.18.1.jar:1.18.1]
	at org.apache.flink.streaming.api.operators.SourceOperator.emitNext(SourceOperator.java:419) ~[flink-dist-1.18.1.jar:1.18.1]
	at org.apache.flink.streaming.runtime.io.StreamTaskSourceInput.emitNext(StreamTaskSourceInput.java:68) ~[flink-dist-1.18.1.jar:1.18.1]
	at org.apache.flink.streaming.runtime.io.StreamOneInputProcessor.processInput(StreamOneInputProcessor.java:65) ~[flink-dist-1.18.1.jar:1.18.1]
	at org.apache.flink.streaming.runtime.tasks.StreamTask.processInput(StreamTask.java:562) ~[flink-dist-1.18.1.jar:1.18.1]
	at org.apache.flink.streaming.runtime.tasks.mailbox.MailboxProcessor.runMailboxLoop(MailboxProcessor.java:231) ~[flink-dist-1.18.1.jar:1.18.1]
	at org.apache.flink.streaming.runtime.tasks.StreamTask.runMailboxLoop(StreamTask.java:858) ~[flink-dist-1.18.1.jar:1.18.1]
	at org.apache.flink.streaming.runtime.tasks.StreamTask.invoke(StreamTask.java:807) ~[flink-dist-1.18.1.jar:1.18.1]
	at org.apache.flink.runtime.taskmanager.Task.runWithSystemExitMonitoring(Task.java:953) ~[flink-dist-1.18.1.jar:1.18.1]
	at org.apache.flink.runtime.taskmanager.Task.restoreAndInvoke(Task.java:932) ~[flink-dist-1.18.1.jar:1.18.1]
	at org.apache.flink.runtime.taskmanager.Task.doRun(Task.java:746) ~[flink-dist-1.18.1.jar:1.18.1]
	at org.apache.flink.runtime.taskmanager.Task.run(Task.java:562) ~[flink-dist-1.18.1.jar:1.18.1]
	at java.lang.Thread.run(Unknown Source) ~[?:?]
Caused by: java.io.IOException: Failed to deserialize consumer record ConsumerRecord(topic = ecommerce_events, partition = 0, leaderEpoch = 0, offset = 345, CreateTime = 1772129940784, serialized key size = 9, serialized value size = 224, headers = RecordHeaders(headers = [], isReadOnly = false), key = [B@2541989b, value = [B@41b733d9).
	at org.apache.flink.connector.kafka.source.reader.deserializer.KafkaDeserializationSchemaWrapper.deserialize(KafkaDeserializationSchemaWrapper.java:57) ~[flink-sql-connector-kafka-3.1.0-1.18.jar:3.1.0-1.18]
	at org.apache.flink.connector.kafka.source.reader.KafkaRecordEmitter.emitRecord(KafkaRecordEmitter.java:53) ~[flink-sql-connector-kafka-3.1.0-1.18.jar:3.1.0-1.18]
	... 14 more
Caused by: java.io.IOException: Failed to deserialize JSON '{"event_id": "e162abc3-e080-462d-9346-2b4fe3e60a1d", "user_id": "user_9588", "product_id": "Product_28", "category": "Clothing", "event_type": "add_to_cart", "price": 455.77, "event_timestamp": "2026-02-26T18:19:00.783648Z"}'.
	at org.apache.flink.formats.json.JsonParserRowDataDeserializationSchema.deserialize(JsonParserRowDataDeserializationSchema.java:97) ~[flink-json-1.18.1.jar:1.18.1]
	at org.apache.flink.formats.json.JsonParserRowDataDeserializationSchema.deserialize(JsonParserRowDataDeserializationSchema.java:42) ~[flink-json-1.18.1.jar:1.18.1]
	at org.apache.flink.api.common.serialization.DeserializationSchema.deserialize(DeserializationSchema.java:82) ~[flink-dist-1.18.1.jar:1.18.1]
	at org.apache.flink.streaming.connectors.kafka.table.DynamicKafkaDeserializationSchema.deserialize(DynamicKafkaDeserializationSchema.java:113) ~[flink-sql-connector-kafka-3.1.0-1.18.jar:3.1.0-1.18]
	at org.apache.flink.connector.kafka.source.reader.deserializer.KafkaDeserializationSchemaWrapper.deserialize(KafkaDeserializationSchemaWrapper.java:54) ~[flink-sql-connector-kafka-3.1.0-1.18.jar:3.1.0-1.18]
	at org.apache.flink.connector.kafka.source.reader.KafkaRecordEmitter.emitRecord(KafkaRecordEmitter.java:53) ~[flink-sql-connector-kafka-3.1.0-1.18.jar:3.1.0-1.18]
	... 14 more
Caused by: org.apache.flink.formats.json.JsonParseException: Fail to deserialize at field: event_timestamp.
	at org.apache.flink.formats.json.JsonParserToRowDataConverters.lambda$createRowConverter$43b82837$1(JsonParserToRowDataConverters.java:419) ~[flink-json-1.18.1.jar:1.18.1]
	at org.apache.flink.formats.json.JsonParserToRowDataConverters.lambda$wrapIntoNullableConverter$ca96cb8f$1(JsonParserToRowDataConverters.java:463) ~[flink-json-1.18.1.jar:1.18.1]
	at org.apache.flink.formats.json.JsonParserRowDataDeserializationSchema.deserialize(JsonParserRowDataDeserializationSchema.java:91) ~[flink-json-1.18.1.jar:1.18.1]
	at org.apache.flink.formats.json.JsonParserRowDataDeserializationSchema.deserialize(JsonParserRowDataDeserializationSchema.java:42) ~[flink-json-1.18.1.jar:1.18.1]
	at org.apache.flink.api.common.serialization.DeserializationSchema.deserialize(DeserializationSchema.java:82) ~[flink-dist-1.18.1.jar:1.18.1]
	at org.apache.flink.streaming.connectors.kafka.table.DynamicKafkaDeserializationSchema.deserialize(DynamicKafkaDeserializationSchema.java:113) ~[flink-sql-connector-kafka-3.1.0-1.18.jar:3.1.0-1.18]
	at org.apache.flink.connector.kafka.source.reader.deserializer.KafkaDeserializationSchemaWrapper.deserialize(KafkaDeserializationSchemaWrapper.java:54) ~[flink-sql-connector-kafka-3.1.0-1.18.jar:3.1.0-1.18]
	at org.apache.flink.connector.kafka.source.reader.KafkaRecordEmitter.emitRecord(KafkaRecordEmitter.java:53) ~[flink-sql-connector-kafka-3.1.0-1.18.jar:3.1.0-1.18]
	... 14 more
2026-02-26 18:23:09,293 INFO  org.apache.flink.runtime.source.coordinator.SourceCoordinator [] - Removing registered reader after failure for subtask 0 (#202) of source Source: ecommerce_kafka_source[1].
2026-02-26 18:23:09,293 INFO  org.apache.flink.runtime.jobmaster.JobMaster                 [] - 6 tasks will be restarted to recover the failed task 325b4bbaf2811e692ba2f36ab929b711_e3dfc0d7e9ecd8a43f85f0b68ebf3b80_0_202.
2026-02-26 18:23:09,293 INFO  org.apache.flink.runtime.executiongraph.ExecutionGraph       [] - Job insert-into_iceberg.ecommerce.live_cart_metrics,iceberg.ecommerce.recent_events (9e319ad9471fc8dcd0baed46f850af9c) switched from state RUNNING to RESTARTING.
2026-02-26 18:23:09,293 INFO  org.apache.flink.runtime.executiongraph.ExecutionGraph       [] - IcebergStreamWriter (1/1) (325b4bbaf2811e692ba2f36ab929b711_c6896de44db0507f29b53f17bbdc9b91_0_202) switched from INITIALIZING to CANCELING.
2026-02-26 18:23:09,294 INFO  org.apache.flink.runtime.executiongraph.ExecutionGraph       [] - GlobalWindowAggregate[5] -> Calc[6] -> ConstraintEnforcer[7] (1/1) (325b4bbaf2811e692ba2f36ab929b711_b4aad71b19987a9b4ab3df8419834343_0_202) switched from INITIALIZING to CANCELING.
2026-02-26 18:23:09,294 INFO  org.apache.flink.runtime.executiongraph.ExecutionGraph       [] - IcebergStreamWriter (1/1) (325b4bbaf2811e692ba2f36ab929b711_0d53c332b8750f764bbfb292788c2ab4_0_202) switched from INITIALIZING to CANCELING.
2026-02-26 18:23:09,294 INFO  org.apache.flink.runtime.executiongraph.ExecutionGraph       [] - IcebergFilesCommitter -> Sink: IcebergSink iceberg.ecommerce.live_cart_metrics (1/1) (325b4bbaf2811e692ba2f36ab929b711_4bd66da04bd65761bc3ab578cbeb4c9c_0_202) switched from RUNNING to CANCELING.
2026-02-26 18:23:09,294 INFO  org.apache.flink.runtime.executiongraph.ExecutionGraph       [] - IcebergFilesCommitter -> Sink: IcebergSink iceberg.ecommerce.recent_events (1/1) (325b4bbaf2811e692ba2f36ab929b711_50eca1d9ac2432a4a999299c9adf674c_0_202) switched from RUNNING to CANCELING.
2026-02-26 18:23:09,332 INFO  org.apache.flink.runtime.executiongraph.ExecutionGraph       [] - IcebergFilesCommitter -> Sink: IcebergSink iceberg.ecommerce.live_cart_metrics (1/1) (325b4bbaf2811e692ba2f36ab929b711_4bd66da04bd65761bc3ab578cbeb4c9c_0_202) switched from CANCELING to CANCELED.
2026-02-26 18:23:09,333 INFO  org.apache.flink.runtime.executiongraph.ExecutionGraph       [] - IcebergFilesCommitter -> Sink: IcebergSink iceberg.ecommerce.recent_events (1/1) (325b4bbaf2811e692ba2f36ab929b711_50eca1d9ac2432a4a999299c9adf674c_0_202) switched from CANCELING to CANCELED.
2026-02-26 18:23:09,343 INFO  org.apache.flink.runtime.executiongraph.ExecutionGraph       [] - GlobalWindowAggregate[5] -> Calc[6] -> ConstraintEnforcer[7] (1/1) (325b4bbaf2811e692ba2f36ab929b711_b4aad71b19987a9b4ab3df8419834343_0_202) switched from CANCELING to CANCELED.
2026-02-26 18:23:09,353 INFO  org.apache.flink.runtime.executiongraph.ExecutionGraph       [] - IcebergStreamWriter (1/1) (325b4bbaf2811e692ba2f36ab929b711_0d53c332b8750f764bbfb292788c2ab4_0_202) switched from CANCELING to CANCELED.
2026-02-26 18:23:09,369 INFO  org.apache.flink.runtime.executiongraph.ExecutionGraph       [] - IcebergStreamWriter (1/1) (325b4bbaf2811e692ba2f36ab929b711_c6896de44db0507f29b53f17bbdc9b91_0_202) switched from CANCELING to CANCELED.
2026-02-26 18:23:09,370 INFO  org.apache.flink.runtime.resourcemanager.slotmanager.FineGrainedSlotManager [] - Clearing resource requirements of job 9e319ad9471fc8dcd0baed46f850af9c
2026-02-26 18:23:10,304 INFO  org.apache.flink.runtime.executiongraph.ExecutionGraph       [] - Job insert-into_iceberg.ecommerce.live_cart_metrics,iceberg.ecommerce.recent_events (9e319ad9471fc8dcd0baed46f850af9c) switched from state RESTARTING to RUNNING.
2026-02-26 18:23:10,312 INFO  org.apache.flink.runtime.checkpoint.CheckpointCoordinator    [] - No checkpoint found during restore.
2026-02-26 18:23:10,318 INFO  org.apache.flink.runtime.source.coordinator.SourceCoordinator [] - Recovering subtask 0 to checkpoint -1 for source Source: ecommerce_kafka_source[1] to checkpoint.
2026-02-26 18:23:10,319 INFO  org.apache.flink.runtime.executiongraph.ExecutionGraph       [] - Source: ecommerce_kafka_source[1] -> (Calc[2] -> LocalWindowAggregate[3], Calc[8] -> ConstraintEnforcer[9]) (1/1) (325b4bbaf2811e692ba2f36ab929b711_e3dfc0d7e9ecd8a43f85f0b68ebf3b80_0_203) switched from CREATED to SCHEDULED.
2026-02-26 18:23:10,321 INFO  org.apache.flink.runtime.executiongraph.ExecutionGraph       [] - GlobalWindowAggregate[5] -> Calc[6] -> ConstraintEnforcer[7] (1/1) (325b4bbaf2811e692ba2f36ab929b711_b4aad71b19987a9b4ab3df8419834343_0_203) switched from CREATED to SCHEDULED.
2026-02-26 18:23:10,321 INFO  org.apache.flink.runtime.executiongraph.ExecutionGraph       [] - IcebergStreamWriter (1/1) (325b4bbaf2811e692ba2f36ab929b711_0d53c332b8750f764bbfb292788c2ab4_0_203) switched from CREATED to SCHEDULED.
2026-02-26 18:23:10,321 INFO  org.apache.flink.runtime.executiongraph.ExecutionGraph       [] - IcebergFilesCommitter -> Sink: IcebergSink iceberg.ecommerce.live_cart_metrics (1/1) (325b4bbaf2811e692ba2f36ab929b711_4bd66da04bd65761bc3ab578cbeb4c9c_0_203) switched from CREATED to SCHEDULED.
2026-02-26 18:23:10,321 INFO  org.apache.flink.runtime.executiongraph.ExecutionGraph       [] - IcebergStreamWriter (1/1) (325b4bbaf2811e692ba2f36ab929b711_c6896de44db0507f29b53f17bbdc9b91_0_203) switched from CREATED to SCHEDULED.
2026-02-26 18:23:10,322 INFO  org.apache.flink.runtime.executiongraph.ExecutionGraph       [] - IcebergFilesCommitter -> Sink: IcebergSink iceberg.ecommerce.recent_events (1/1) (325b4bbaf2811e692ba2f36ab929b711_50eca1d9ac2432a4a999299c9adf674c_0_203) switched from CREATED to SCHEDULED.
2026-02-26 18:23:10,339 INFO  org.apache.flink.runtime.resourcemanager.slotmanager.FineGrainedSlotManager [] - Received resource requirements from job 9e319ad9471fc8dcd0baed46f850af9c: [ResourceRequirement{resourceProfile=ResourceProfile{UNKNOWN}, numberOfRequiredSlots=1}]
2026-02-26 18:23:10,345 INFO  org.apache.flink.runtime.executiongraph.ExecutionGraph       [] - Source: ecommerce_kafka_source[1] -> (Calc[2] -> LocalWindowAggregate[3], Calc[8] -> ConstraintEnforcer[9]) (1/1) (325b4bbaf2811e692ba2f36ab929b711_e3dfc0d7e9ecd8a43f85f0b68ebf3b80_0_203) switched from SCHEDULED to DEPLOYING.
2026-02-26 18:23:10,345 INFO  org.apache.flink.runtime.executiongraph.ExecutionGraph       [] - Deploying Source: ecommerce_kafka_source[1] -> (Calc[2] -> LocalWindowAggregate[3], Calc[8] -> ConstraintEnforcer[9]) (1/1) (attempt #203) with attempt id 325b4bbaf2811e692ba2f36ab929b711_e3dfc0d7e9ecd8a43f85f0b68ebf3b80_0_203 and vertex id e3dfc0d7e9ecd8a43f85f0b68ebf3b80_0 to 172.22.0.6:41503-29d631 @ taskmanager.streaming-lakehouse_default (dataPort=46279) with allocation id 8fc7b706388adb83e8630133748a357a
2026-02-26 18:23:10,345 INFO  org.apache.flink.runtime.executiongraph.ExecutionGraph       [] - GlobalWindowAggregate[5] -> Calc[6] -> ConstraintEnforcer[7] (1/1) (325b4bbaf2811e692ba2f36ab929b711_b4aad71b19987a9b4ab3df8419834343_0_203) switched from SCHEDULED to DEPLOYING.
2026-02-26 18:23:10,345 INFO  org.apache.flink.runtime.executiongraph.ExecutionGraph       [] - Deploying GlobalWindowAggregate[5] -> Calc[6] -> ConstraintEnforcer[7] (1/1) (attempt #203) with attempt id 325b4bbaf2811e692ba2f36ab929b711_b4aad71b19987a9b4ab3df8419834343_0_203 and vertex id b4aad71b19987a9b4ab3df8419834343_0 to 172.22.0.6:41503-29d631 @ taskmanager.streaming-lakehouse_default (dataPort=46279) with allocation id 8fc7b706388adb83e8630133748a357a
2026-02-26 18:23:10,347 INFO  org.apache.flink.runtime.executiongraph.ExecutionGraph       [] - IcebergStreamWriter (1/1) (325b4bbaf2811e692ba2f36ab929b711_0d53c332b8750f764bbfb292788c2ab4_0_203) switched from SCHEDULED to DEPLOYING.
2026-02-26 18:23:10,347 INFO  org.apache.flink.runtime.executiongraph.ExecutionGraph       [] - Deploying IcebergStreamWriter (1/1) (attempt #203) with attempt id 325b4bbaf2811e692ba2f36ab929b711_0d53c332b8750f764bbfb292788c2ab4_0_203 and vertex id 0d53c332b8750f764bbfb292788c2ab4_0 to 172.22.0.6:41503-29d631 @ taskmanager.streaming-lakehouse_default (dataPort=46279) with allocation id 8fc7b706388adb83e8630133748a357a
2026-02-26 18:23:10,347 INFO  org.apache.flink.runtime.executiongraph.ExecutionGraph       [] - IcebergFilesCommitter -> Sink: IcebergSink iceberg.ecommerce.live_cart_metrics (1/1) (325b4bbaf2811e692ba2f36ab929b711_4bd66da04bd65761bc3ab578cbeb4c9c_0_203) switched from SCHEDULED to DEPLOYING.
2026-02-26 18:23:10,347 INFO  org.apache.flink.runtime.executiongraph.ExecutionGraph       [] - Deploying IcebergFilesCommitter -> Sink: IcebergSink iceberg.ecommerce.live_cart_metrics (1/1) (attempt #203) with attempt id 325b4bbaf2811e692ba2f36ab929b711_4bd66da04bd65761bc3ab578cbeb4c9c_0_203 and vertex id 4bd66da04bd65761bc3ab578cbeb4c9c_0 to 172.22.0.6:41503-29d631 @ taskmanager.streaming-lakehouse_default (dataPort=46279) with allocation id 8fc7b706388adb83e8630133748a357a
2026-02-26 18:23:10,348 INFO  org.apache.flink.runtime.executiongraph.ExecutionGraph       [] - IcebergStreamWriter (1/1) (325b4bbaf2811e692ba2f36ab929b711_c6896de44db0507f29b53f17bbdc9b91_0_203) switched from SCHEDULED to DEPLOYING.
2026-02-26 18:23:10,348 INFO  org.apache.flink.runtime.executiongraph.ExecutionGraph       [] - Deploying IcebergStreamWriter (1/1) (attempt #203) with attempt id 325b4bbaf2811e692ba2f36ab929b711_c6896de44db0507f29b53f17bbdc9b91_0_203 and vertex id c6896de44db0507f29b53f17bbdc9b91_0 to 172.22.0.6:41503-29d631 @ taskmanager.streaming-lakehouse_default (dataPort=46279) with allocation id 8fc7b706388adb83e8630133748a357a
2026-02-26 18:23:10,348 INFO  org.apache.flink.runtime.executiongraph.ExecutionGraph       [] - IcebergFilesCommitter -> Sink: IcebergSink iceberg.ecommerce.recent_events (1/1) (325b4bbaf2811e692ba2f36ab929b711_50eca1d9ac2432a4a999299c9adf674c_0_203) switched from SCHEDULED to DEPLOYING.
2026-02-26 18:23:10,348 INFO  org.apache.flink.runtime.executiongraph.ExecutionGraph       [] - Deploying IcebergFilesCommitter -> Sink: IcebergSink iceberg.ecommerce.recent_events (1/1) (attempt #203) with attempt id 325b4bbaf2811e692ba2f36ab929b711_50eca1d9ac2432a4a999299c9adf674c_0_203 and vertex id 50eca1d9ac2432a4a999299c9adf674c_0 to 172.22.0.6:41503-29d631 @ taskmanager.streaming-lakehouse_default (dataPort=46279) with allocation id 8fc7b706388adb83e8630133748a357a
2026-02-26 18:23:10,416 INFO  org.apache.flink.runtime.executiongraph.ExecutionGraph       [] - GlobalWindowAggregate[5] -> Calc[6] -> ConstraintEnforcer[7] (1/1) (325b4bbaf2811e692ba2f36ab929b711_b4aad71b19987a9b4ab3df8419834343_0_203) switched from DEPLOYING to INITIALIZING.
2026-02-26 18:23:10,424 INFO  org.apache.flink.runtime.executiongraph.ExecutionGraph       [] - IcebergFilesCommitter -> Sink: IcebergSink iceberg.ecommerce.live_cart_metrics (1/1) (325b4bbaf2811e692ba2f36ab929b711_4bd66da04bd65761bc3ab578cbeb4c9c_0_203) switched from DEPLOYING to INITIALIZING.
2026-02-26 18:23:10,432 INFO  org.apache.flink.runtime.executiongraph.ExecutionGraph       [] - IcebergStreamWriter (1/1) (325b4bbaf2811e692ba2f36ab929b711_0d53c332b8750f764bbfb292788c2ab4_0_203) switched from DEPLOYING to INITIALIZING.
2026-02-26 18:23:10,439 INFO  org.apache.flink.runtime.executiongraph.ExecutionGraph       [] - Source: ecommerce_kafka_source[1] -> (Calc[2] -> LocalWindowAggregate[3], Calc[8] -> ConstraintEnforcer[9]) (1/1) (325b4bbaf2811e692ba2f36ab929b711_e3dfc0d7e9ecd8a43f85f0b68ebf3b80_0_203) switched from DEPLOYING to INITIALIZING.
2026-02-26 18:23:10,464 INFO  org.apache.flink.runtime.executiongraph.ExecutionGraph       [] - IcebergStreamWriter (1/1) (325b4bbaf2811e692ba2f36ab929b711_c6896de44db0507f29b53f17bbdc9b91_0_203) switched from DEPLOYING to INITIALIZING.
2026-02-26 18:23:10,470 INFO  org.apache.flink.runtime.source.coordinator.SourceCoordinator [] - Source Source: ecommerce_kafka_source[1] registering reader for parallel task 0 (#203) @ 172.22.0.6
2026-02-26 18:23:10,471 INFO  org.apache.flink.connector.kafka.source.enumerator.KafkaSourceEnumerator [] - Assigning splits to readers {0=[[Partition: ecommerce_events-0, StartingOffset: 342, StoppingOffset: -9223372036854775808]]}
2026-02-26 18:23:10,492 INFO  org.apache.flink.runtime.executiongraph.ExecutionGraph       [] - IcebergFilesCommitter -> Sink: IcebergSink iceberg.ecommerce.recent_events (1/1) (325b4bbaf2811e692ba2f36ab929b711_50eca1d9ac2432a4a999299c9adf674c_0_203) switched from DEPLOYING to INITIALIZING.
2026-02-26 18:23:10,492 INFO  org.apache.flink.runtime.executiongraph.ExecutionGraph       [] - Source: ecommerce_kafka_source[1] -> (Calc[2] -> LocalWindowAggregate[3], Calc[8] -> ConstraintEnforcer[9]) (1/1) (325b4bbaf2811e692ba2f36ab929b711_e3dfc0d7e9ecd8a43f85f0b68ebf3b80_0_203) switched from INITIALIZING to RUNNING.
2026-02-26 18:23:10,633 INFO  org.apache.flink.runtime.executiongraph.ExecutionGraph       [] - IcebergFilesCommitter -> Sink: IcebergSink iceberg.ecommerce.recent_events (1/1) (325b4bbaf2811e692ba2f36ab929b711_50eca1d9ac2432a4a999299c9adf674c_0_203) switched from INITIALIZING to RUNNING.
2026-02-26 18:23:10,641 INFO  org.apache.flink.runtime.executiongraph.ExecutionGraph       [] - IcebergFilesCommitter -> Sink: IcebergSink iceberg.ecommerce.live_cart_metrics (1/1) (325b4bbaf2811e692ba2f36ab929b711_4bd66da04bd65761bc3ab578cbeb4c9c_0_203) switched from INITIALIZING to RUNNING.
2026-02-26 18:23:10,680 INFO  org.apache.flink.runtime.executiongraph.ExecutionGraph       [] - Source: ecommerce_kafka_source[1] -> (Calc[2] -> LocalWindowAggregate[3], Calc[8] -> ConstraintEnforcer[9]) (1/1) (325b4bbaf2811e692ba2f36ab929b711_e3dfc0d7e9ecd8a43f85f0b68ebf3b80_0_203) switched from RUNNING to FAILED on 172.22.0.6:41503-29d631 @ taskmanager.streaming-lakehouse_default (dataPort=46279).
java.io.IOException: Failed to deserialize consumer record due to
	at org.apache.flink.connector.kafka.source.reader.KafkaRecordEmitter.emitRecord(KafkaRecordEmitter.java:56) ~[flink-sql-connector-kafka-3.1.0-1.18.jar:3.1.0-1.18]
	at org.apache.flink.connector.kafka.source.reader.KafkaRecordEmitter.emitRecord(KafkaRecordEmitter.java:33) ~[flink-sql-connector-kafka-3.1.0-1.18.jar:3.1.0-1.18]
	at org.apache.flink.connector.base.source.reader.SourceReaderBase.pollNext(SourceReaderBase.java:160) ~[flink-connector-files-1.18.1.jar:1.18.1]
	at org.apache.flink.streaming.api.operators.SourceOperator.emitNext(SourceOperator.java:419) ~[flink-dist-1.18.1.jar:1.18.1]
	at org.apache.flink.streaming.runtime.io.StreamTaskSourceInput.emitNext(StreamTaskSourceInput.java:68) ~[flink-dist-1.18.1.jar:1.18.1]
	at org.apache.flink.streaming.runtime.io.StreamOneInputProcessor.processInput(StreamOneInputProcessor.java:65) ~[flink-dist-1.18.1.jar:1.18.1]
	at org.apache.flink.streaming.runtime.tasks.StreamTask.processInput(StreamTask.java:562) ~[flink-dist-1.18.1.jar:1.18.1]
	at org.apache.flink.streaming.runtime.tasks.mailbox.MailboxProcessor.runMailboxLoop(MailboxProcessor.java:231) ~[flink-dist-1.18.1.jar:1.18.1]
	at org.apache.flink.streaming.runtime.tasks.StreamTask.runMailboxLoop(StreamTask.java:858) ~[flink-dist-1.18.1.jar:1.18.1]
	at org.apache.flink.streaming.runtime.tasks.StreamTask.invoke(StreamTask.java:807) ~[flink-dist-1.18.1.jar:1.18.1]
	at org.apache.flink.runtime.taskmanager.Task.runWithSystemExitMonitoring(Task.java:953) ~[flink-dist-1.18.1.jar:1.18.1]
	at org.apache.flink.runtime.taskmanager.Task.restoreAndInvoke(Task.java:932) ~[flink-dist-1.18.1.jar:1.18.1]
	at org.apache.flink.runtime.taskmanager.Task.doRun(Task.java:746) ~[flink-dist-1.18.1.jar:1.18.1]
	at org.apache.flink.runtime.taskmanager.Task.run(Task.java:562) ~[flink-dist-1.18.1.jar:1.18.1]
	at java.lang.Thread.run(Unknown Source) ~[?:?]
Caused by: java.io.IOException: Failed to deserialize consumer record ConsumerRecord(topic = ecommerce_events, partition = 0, leaderEpoch = 0, offset = 345, CreateTime = 1772129940784, serialized key size = 9, serialized value size = 224, headers = RecordHeaders(headers = [], isReadOnly = false), key = [B@71e99f10, value = [B@8317a74).
	at org.apache.flink.connector.kafka.source.reader.deserializer.KafkaDeserializationSchemaWrapper.deserialize(KafkaDeserializationSchemaWrapper.java:57) ~[flink-sql-connector-kafka-3.1.0-1.18.jar:3.1.0-1.18]
	at org.apache.flink.connector.kafka.source.reader.KafkaRecordEmitter.emitRecord(KafkaRecordEmitter.java:53) ~[flink-sql-connector-kafka-3.1.0-1.18.jar:3.1.0-1.18]
	... 14 more
Caused by: java.io.IOException: Failed to deserialize JSON '{"event_id": "e162abc3-e080-462d-9346-2b4fe3e60a1d", "user_id": "user_9588", "product_id": "Product_28", "category": "Clothing", "event_type": "add_to_cart", "price": 455.77, "event_timestamp": "2026-02-26T18:19:00.783648Z"}'.
	at org.apache.flink.formats.json.JsonParserRowDataDeserializationSchema.deserialize(JsonParserRowDataDeserializationSchema.java:97) ~[flink-json-1.18.1.jar:1.18.1]
	at org.apache.flink.formats.json.JsonParserRowDataDeserializationSchema.deserialize(JsonParserRowDataDeserializationSchema.java:42) ~[flink-json-1.18.1.jar:1.18.1]
	at org.apache.flink.api.common.serialization.DeserializationSchema.deserialize(DeserializationSchema.java:82) ~[flink-dist-1.18.1.jar:1.18.1]
	at org.apache.flink.streaming.connectors.kafka.table.DynamicKafkaDeserializationSchema.deserialize(DynamicKafkaDeserializationSchema.java:113) ~[flink-sql-connector-kafka-3.1.0-1.18.jar:3.1.0-1.18]
	at org.apache.flink.connector.kafka.source.reader.deserializer.KafkaDeserializationSchemaWrapper.deserialize(KafkaDeserializationSchemaWrapper.java:54) ~[flink-sql-connector-kafka-3.1.0-1.18.jar:3.1.0-1.18]
	at org.apache.flink.connector.kafka.source.reader.KafkaRecordEmitter.emitRecord(KafkaRecordEmitter.java:53) ~[flink-sql-connector-kafka-3.1.0-1.18.jar:3.1.0-1.18]
	... 14 more
Caused by: org.apache.flink.formats.json.JsonParseException: Fail to deserialize at field: event_timestamp.
	at org.apache.flink.formats.json.JsonParserToRowDataConverters.lambda$createRowConverter$43b82837$1(JsonParserToRowDataConverters.java:419) ~[flink-json-1.18.1.jar:1.18.1]
	at org.apache.flink.formats.json.JsonParserToRowDataConverters.lambda$wrapIntoNullableConverter$ca96cb8f$1(JsonParserToRowDataConverters.java:463) ~[flink-json-1.18.1.jar:1.18.1]
	at org.apache.flink.formats.json.JsonParserRowDataDeserializationSchema.deserialize(JsonParserRowDataDeserializationSchema.java:91) ~[flink-json-1.18.1.jar:1.18.1]
	at org.apache.flink.formats.json.JsonParserRowDataDeserializationSchema.deserialize(JsonParserRowDataDeserializationSchema.java:42) ~[flink-json-1.18.1.jar:1.18.1]
	at org.apache.flink.api.common.serialization.DeserializationSchema.deserialize(DeserializationSchema.java:82) ~[flink-dist-1.18.1.jar:1.18.1]
	at org.apache.flink.streaming.connectors.kafka.table.DynamicKafkaDeserializationSchema.deserialize(DynamicKafkaDeserializationSchema.java:113) ~[flink-sql-connector-kafka-3.1.0-1.18.jar:3.1.0-1.18]
	at org.apache.flink.connector.kafka.source.reader.deserializer.KafkaDeserializationSchemaWrapper.deserialize(KafkaDeserializationSchemaWrapper.java:54) ~[flink-sql-connector-kafka-3.1.0-1.18.jar:3.1.0-1.18]
	at org.apache.flink.connector.kafka.source.reader.KafkaRecordEmitter.emitRecord(KafkaRecordEmitter.java:53) ~[flink-sql-connector-kafka-3.1.0-1.18.jar:3.1.0-1.18]
	... 14 more
2026-02-26 18:23:10,685 INFO  org.apache.flink.runtime.source.coordinator.SourceCoordinator [] - Removing registered reader after failure for subtask 0 (#203) of source Source: ecommerce_kafka_source[1].
2026-02-26 18:23:10,685 INFO  org.apache.flink.runtime.jobmaster.JobMaster                 [] - 6 tasks will be restarted to recover the failed task 325b4bbaf2811e692ba2f36ab929b711_e3dfc0d7e9ecd8a43f85f0b68ebf3b80_0_203.
2026-02-26 18:23:10,685 INFO  org.apache.flink.runtime.executiongraph.ExecutionGraph       [] - Job insert-into_iceberg.ecommerce.live_cart_metrics,iceberg.ecommerce.recent_events (9e319ad9471fc8dcd0baed46f850af9c) switched from state RUNNING to RESTARTING.
2026-02-26 18:23:10,685 INFO  org.apache.flink.runtime.executiongraph.ExecutionGraph       [] - IcebergStreamWriter (1/1) (325b4bbaf2811e692ba2f36ab929b711_c6896de44db0507f29b53f17bbdc9b91_0_203) switched from INITIALIZING to CANCELING.
2026-02-26 18:23:10,685 INFO  org.apache.flink.runtime.executiongraph.ExecutionGraph       [] - GlobalWindowAggregate[5] -> Calc[6] -> ConstraintEnforcer[7] (1/1) (325b4bbaf2811e692ba2f36ab929b711_b4aad71b19987a9b4ab3df8419834343_0_203) switched from INITIALIZING to CANCELING.
2026-02-26 18:23:10,685 INFO  org.apache.flink.runtime.executiongraph.ExecutionGraph       [] - IcebergStreamWriter (1/1) (325b4bbaf2811e692ba2f36ab929b711_0d53c332b8750f764bbfb292788c2ab4_0_203) switched from INITIALIZING to CANCELING.
2026-02-26 18:23:10,685 INFO  org.apache.flink.runtime.executiongraph.ExecutionGraph       [] - IcebergFilesCommitter -> Sink: IcebergSink iceberg.ecommerce.live_cart_metrics (1/1) (325b4bbaf2811e692ba2f36ab929b711_4bd66da04bd65761bc3ab578cbeb4c9c_0_203) switched from RUNNING to CANCELING.
2026-02-26 18:23:10,685 INFO  org.apache.flink.runtime.executiongraph.ExecutionGraph       [] - IcebergFilesCommitter -> Sink: IcebergSink iceberg.ecommerce.recent_events (1/1) (325b4bbaf2811e692ba2f36ab929b711_50eca1d9ac2432a4a999299c9adf674c_0_203) switched from RUNNING to CANCELING.
2026-02-26 18:23:10,733 INFO  org.apache.flink.runtime.executiongraph.ExecutionGraph       [] - GlobalWindowAggregate[5] -> Calc[6] -> ConstraintEnforcer[7] (1/1) (325b4bbaf2811e692ba2f36ab929b711_b4aad71b19987a9b4ab3df8419834343_0_203) switched from CANCELING to CANCELED.
2026-02-26 18:23:10,734 INFO  org.apache.flink.runtime.executiongraph.ExecutionGraph       [] - IcebergStreamWriter (1/1) (325b4bbaf2811e692ba2f36ab929b711_c6896de44db0507f29b53f17bbdc9b91_0_203) switched from CANCELING to CANCELED.
2026-02-26 18:23:10,735 INFO  org.apache.flink.runtime.executiongraph.ExecutionGraph       [] - IcebergStreamWriter (1/1) (325b4bbaf2811e692ba2f36ab929b711_0d53c332b8750f764bbfb292788c2ab4_0_203) switched from CANCELING to CANCELED.
2026-02-26 18:23:10,735 INFO  org.apache.flink.runtime.executiongraph.ExecutionGraph       [] - IcebergFilesCommitter -> Sink: IcebergSink iceberg.ecommerce.live_cart_metrics (1/1) (325b4bbaf2811e692ba2f36ab929b711_4bd66da04bd65761bc3ab578cbeb4c9c_0_203) switched from CANCELING to CANCELED.
2026-02-26 18:23:10,735 INFO  org.apache.flink.runtime.executiongraph.ExecutionGraph       [] - IcebergFilesCommitter -> Sink: IcebergSink iceberg.ecommerce.recent_events (1/1) (325b4bbaf2811e692ba2f36ab929b711_50eca1d9ac2432a4a999299c9adf674c_0_203) switched from CANCELING to CANCELED.
2026-02-26 18:23:10,736 INFO  org.apache.flink.runtime.resourcemanager.slotmanager.FineGrainedSlotManager [] - Clearing resource requirements of job 9e319ad9471fc8dcd0baed46f850af9c
