2026-02-26 18:12:32,352 INFO  org.apache.flink.runtime.taskexecutor.TaskExecutor           [] - Un-registering task and sending final execution state CANCELED to JobManager for task IcebergFilesCommitter -> Sink: IcebergSink iceberg.ecommerce.live_cart_metrics (1/1)#249 157446549108abb39eed08c050430ddf_4bd66da04bd65761bc3ab578cbeb4c9c_0_249.
2026-02-26 18:12:32,350 INFO  org.apache.iceberg.CatalogUtil                               [] - Loading custom FileIO implementation: org.apache.iceberg.aws.s3.S3FileIO
2026-02-26 18:12:32,353 INFO  org.apache.flink.runtime.taskmanager.Task                    [] - IcebergFilesCommitter -> Sink: IcebergSink iceberg.ecommerce.recent_events (1/1)#249 (157446549108abb39eed08c050430ddf_50eca1d9ac2432a4a999299c9adf674c_0_249) switched from CANCELING to CANCELED.
2026-02-26 18:12:32,355 INFO  org.apache.flink.runtime.taskmanager.Task                    [] - Freeing task resources for IcebergFilesCommitter -> Sink: IcebergSink iceberg.ecommerce.recent_events (1/1)#249 (157446549108abb39eed08c050430ddf_50eca1d9ac2432a4a999299c9adf674c_0_249).
2026-02-26 18:12:32,356 INFO  org.apache.flink.runtime.taskexecutor.TaskExecutor           [] - Un-registering task and sending final execution state CANCELED to JobManager for task IcebergFilesCommitter -> Sink: IcebergSink iceberg.ecommerce.recent_events (1/1)#249 157446549108abb39eed08c050430ddf_50eca1d9ac2432a4a999299c9adf674c_0_249.
2026-02-26 18:12:32,358 INFO  org.apache.flink.runtime.taskmanager.Task                    [] - IcebergStreamWriter (1/1)#249 (157446549108abb39eed08c050430ddf_0d53c332b8750f764bbfb292788c2ab4_0_249) switched from CANCELING to CANCELED.
2026-02-26 18:12:32,359 INFO  org.apache.flink.runtime.taskmanager.Task                    [] - Freeing task resources for IcebergStreamWriter (1/1)#249 (157446549108abb39eed08c050430ddf_0d53c332b8750f764bbfb292788c2ab4_0_249).
2026-02-26 18:12:32,360 INFO  org.apache.flink.runtime.taskexecutor.TaskExecutor           [] - Un-registering task and sending final execution state CANCELED to JobManager for task IcebergStreamWriter (1/1)#249 157446549108abb39eed08c050430ddf_0d53c332b8750f764bbfb292788c2ab4_0_249.
2026-02-26 18:12:33,295 INFO  org.apache.flink.runtime.taskexecutor.slot.TaskSlotTableImpl [] - Activate slot 0b8df65e3a66b1cf2aeecbd649b0a236.
2026-02-26 18:12:33,305 INFO  org.apache.flink.runtime.taskexecutor.TaskExecutor           [] - Received task Source: ecommerce_kafka_source[1] -> (Calc[2] -> LocalWindowAggregate[3], Calc[8] -> ConstraintEnforcer[9]) (1/1)#250 (157446549108abb39eed08c050430ddf_e3dfc0d7e9ecd8a43f85f0b68ebf3b80_0_250), deploy into slot with allocation id 0b8df65e3a66b1cf2aeecbd649b0a236.
2026-02-26 18:12:33,324 INFO  org.apache.flink.runtime.taskexecutor.slot.TaskSlotTableImpl [] - Activate slot 0b8df65e3a66b1cf2aeecbd649b0a236.
2026-02-26 18:12:33,324 INFO  org.apache.flink.runtime.taskmanager.Task                    [] - Source: ecommerce_kafka_source[1] -> (Calc[2] -> LocalWindowAggregate[3], Calc[8] -> ConstraintEnforcer[9]) (1/1)#250 (157446549108abb39eed08c050430ddf_e3dfc0d7e9ecd8a43f85f0b68ebf3b80_0_250) switched from CREATED to DEPLOYING.
2026-02-26 18:12:33,331 INFO  org.apache.flink.runtime.taskexecutor.TaskExecutor           [] - Received task GlobalWindowAggregate[5] -> Calc[6] -> ConstraintEnforcer[7] (1/1)#250 (157446549108abb39eed08c050430ddf_b4aad71b19987a9b4ab3df8419834343_0_250), deploy into slot with allocation id 0b8df65e3a66b1cf2aeecbd649b0a236.
2026-02-26 18:12:33,332 INFO  org.apache.flink.runtime.taskmanager.Task                    [] - Loading JAR files for task Source: ecommerce_kafka_source[1] -> (Calc[2] -> LocalWindowAggregate[3], Calc[8] -> ConstraintEnforcer[9]) (1/1)#250 (157446549108abb39eed08c050430ddf_e3dfc0d7e9ecd8a43f85f0b68ebf3b80_0_250) [DEPLOYING].
2026-02-26 18:12:33,333 INFO  org.apache.flink.runtime.taskexecutor.slot.TaskSlotTableImpl [] - Activate slot 0b8df65e3a66b1cf2aeecbd649b0a236.
2026-02-26 18:12:33,338 INFO  org.apache.flink.runtime.taskexecutor.TaskExecutor           [] - Received task IcebergStreamWriter (1/1)#250 (157446549108abb39eed08c050430ddf_0d53c332b8750f764bbfb292788c2ab4_0_250), deploy into slot with allocation id 0b8df65e3a66b1cf2aeecbd649b0a236.
2026-02-26 18:12:33,339 INFO  org.apache.flink.runtime.taskmanager.Task                    [] - GlobalWindowAggregate[5] -> Calc[6] -> ConstraintEnforcer[7] (1/1)#250 (157446549108abb39eed08c050430ddf_b4aad71b19987a9b4ab3df8419834343_0_250) switched from CREATED to DEPLOYING.
2026-02-26 18:12:33,341 INFO  org.apache.flink.runtime.taskmanager.Task                    [] - Loading JAR files for task GlobalWindowAggregate[5] -> Calc[6] -> ConstraintEnforcer[7] (1/1)#250 (157446549108abb39eed08c050430ddf_b4aad71b19987a9b4ab3df8419834343_0_250) [DEPLOYING].
2026-02-26 18:12:33,344 INFO  org.apache.flink.runtime.taskexecutor.slot.TaskSlotTableImpl [] - Activate slot 0b8df65e3a66b1cf2aeecbd649b0a236.
2026-02-26 18:12:33,346 INFO  org.apache.flink.runtime.taskexecutor.TaskExecutor           [] - Received task IcebergFilesCommitter -> Sink: IcebergSink iceberg.ecommerce.live_cart_metrics (1/1)#250 (157446549108abb39eed08c050430ddf_4bd66da04bd65761bc3ab578cbeb4c9c_0_250), deploy into slot with allocation id 0b8df65e3a66b1cf2aeecbd649b0a236.
2026-02-26 18:12:33,347 INFO  org.apache.flink.streaming.runtime.tasks.StreamTask          [] - Using job/cluster config to configure application-defined state backend: EmbeddedRocksDBStateBackend{, localRocksDbDirectories=null, enableIncrementalCheckpointing=FALSE, numberOfTransferThreads=4, writeBatchSize=2097152}
2026-02-26 18:12:33,347 INFO  org.apache.flink.contrib.streaming.state.EmbeddedRocksDBStateBackend [] - Using predefined options: DEFAULT.
2026-02-26 18:12:33,347 INFO  org.apache.flink.streaming.runtime.tasks.StreamTask          [] - Using application-defined state backend: EmbeddedRocksDBStateBackend{, localRocksDbDirectories=null, enableIncrementalCheckpointing=FALSE, numberOfTransferThreads=4, writeBatchSize=2097152}
2026-02-26 18:12:33,347 INFO  org.apache.flink.runtime.state.StateBackendLoader            [] - State backend loader loads the state backend as EmbeddedRocksDBStateBackend
2026-02-26 18:12:33,348 INFO  org.apache.flink.streaming.runtime.tasks.StreamTask          [] - Using job/cluster config to configure application-defined checkpoint storage: org.apache.flink.runtime.state.storage.FileSystemCheckpointStorage@df71dfb
2026-02-26 18:12:33,349 INFO  org.apache.flink.runtime.taskmanager.Task                    [] - Source: ecommerce_kafka_source[1] -> (Calc[2] -> LocalWindowAggregate[3], Calc[8] -> ConstraintEnforcer[9]) (1/1)#250 (157446549108abb39eed08c050430ddf_e3dfc0d7e9ecd8a43f85f0b68ebf3b80_0_250) switched from DEPLOYING to INITIALIZING.
2026-02-26 18:12:33,351 INFO  org.apache.flink.runtime.taskmanager.Task                    [] - IcebergStreamWriter (1/1)#250 (157446549108abb39eed08c050430ddf_0d53c332b8750f764bbfb292788c2ab4_0_250) switched from CREATED to DEPLOYING.
2026-02-26 18:12:33,351 INFO  org.apache.flink.runtime.taskmanager.Task                    [] - Loading JAR files for task IcebergStreamWriter (1/1)#250 (157446549108abb39eed08c050430ddf_0d53c332b8750f764bbfb292788c2ab4_0_250) [DEPLOYING].
2026-02-26 18:12:33,352 INFO  org.apache.flink.runtime.taskexecutor.slot.TaskSlotTableImpl [] - Activate slot 0b8df65e3a66b1cf2aeecbd649b0a236.
2026-02-26 18:12:33,355 INFO  org.apache.flink.streaming.runtime.tasks.StreamTask          [] - Using job/cluster config to configure application-defined state backend: EmbeddedRocksDBStateBackend{, localRocksDbDirectories=null, enableIncrementalCheckpointing=FALSE, numberOfTransferThreads=4, writeBatchSize=2097152}
2026-02-26 18:12:33,355 INFO  org.apache.flink.contrib.streaming.state.EmbeddedRocksDBStateBackend [] - Using predefined options: DEFAULT.
2026-02-26 18:12:33,355 INFO  org.apache.flink.streaming.runtime.tasks.StreamTask          [] - Using application-defined state backend: EmbeddedRocksDBStateBackend{, localRocksDbDirectories=null, enableIncrementalCheckpointing=FALSE, numberOfTransferThreads=4, writeBatchSize=2097152}
2026-02-26 18:12:33,355 INFO  org.apache.flink.runtime.state.StateBackendLoader            [] - State backend loader loads the state backend as EmbeddedRocksDBStateBackend
2026-02-26 18:12:33,355 INFO  org.apache.flink.streaming.runtime.tasks.StreamTask          [] - Using job/cluster config to configure application-defined checkpoint storage: org.apache.flink.runtime.state.storage.FileSystemCheckpointStorage@df71dfb
2026-02-26 18:12:33,356 INFO  org.apache.flink.runtime.taskmanager.Task                    [] - IcebergStreamWriter (1/1)#250 (157446549108abb39eed08c050430ddf_0d53c332b8750f764bbfb292788c2ab4_0_250) switched from DEPLOYING to INITIALIZING.
2026-02-26 18:12:33,360 INFO  org.apache.flink.runtime.taskexecutor.TaskExecutor           [] - Received task IcebergStreamWriter (1/1)#250 (157446549108abb39eed08c050430ddf_c6896de44db0507f29b53f17bbdc9b91_0_250), deploy into slot with allocation id 0b8df65e3a66b1cf2aeecbd649b0a236.
2026-02-26 18:12:33,372 INFO  org.apache.flink.runtime.taskmanager.Task                    [] - IcebergFilesCommitter -> Sink: IcebergSink iceberg.ecommerce.live_cart_metrics (1/1)#250 (157446549108abb39eed08c050430ddf_4bd66da04bd65761bc3ab578cbeb4c9c_0_250) switched from CREATED to DEPLOYING.
2026-02-26 18:12:33,372 INFO  org.apache.flink.runtime.taskmanager.Task                    [] - Loading JAR files for task IcebergFilesCommitter -> Sink: IcebergSink iceberg.ecommerce.live_cart_metrics (1/1)#250 (157446549108abb39eed08c050430ddf_4bd66da04bd65761bc3ab578cbeb4c9c_0_250) [DEPLOYING].
2026-02-26 18:12:33,375 INFO  org.apache.flink.contrib.streaming.state.EmbeddedRocksDBStateBackend [] - Getting shared memory for RocksDB: shareScope=SLOT, managed=false
2026-02-26 18:12:33,376 INFO  org.apache.flink.contrib.streaming.state.EmbeddedRocksDBStateBackend [] - Obtained shared RocksDB cache of size 114085070 bytes
2026-02-26 18:12:33,377 INFO  org.apache.flink.runtime.taskexecutor.slot.TaskSlotTableImpl [] - Activate slot 0b8df65e3a66b1cf2aeecbd649b0a236.
2026-02-26 18:12:33,377 INFO  org.apache.flink.runtime.taskmanager.Task                    [] - IcebergStreamWriter (1/1)#250 (157446549108abb39eed08c050430ddf_c6896de44db0507f29b53f17bbdc9b91_0_250) switched from CREATED to DEPLOYING.
2026-02-26 18:12:33,378 INFO  org.apache.flink.runtime.taskmanager.Task                    [] - Loading JAR files for task IcebergStreamWriter (1/1)#250 (157446549108abb39eed08c050430ddf_c6896de44db0507f29b53f17bbdc9b91_0_250) [DEPLOYING].
2026-02-26 18:12:33,384 INFO  org.apache.flink.streaming.runtime.tasks.StreamTask          [] - Using job/cluster config to configure application-defined state backend: EmbeddedRocksDBStateBackend{, localRocksDbDirectories=null, enableIncrementalCheckpointing=FALSE, numberOfTransferThreads=4, writeBatchSize=2097152}
2026-02-26 18:12:33,384 INFO  org.apache.flink.contrib.streaming.state.EmbeddedRocksDBStateBackend [] - Using predefined options: DEFAULT.
2026-02-26 18:12:33,384 INFO  org.apache.flink.streaming.runtime.tasks.StreamTask          [] - Using application-defined state backend: EmbeddedRocksDBStateBackend{, localRocksDbDirectories=null, enableIncrementalCheckpointing=FALSE, numberOfTransferThreads=4, writeBatchSize=2097152}
2026-02-26 18:12:33,384 INFO  org.apache.flink.runtime.state.StateBackendLoader            [] - State backend loader loads the state backend as EmbeddedRocksDBStateBackend
2026-02-26 18:12:33,384 INFO  org.apache.flink.streaming.runtime.tasks.StreamTask          [] - Using job/cluster config to configure application-defined checkpoint storage: org.apache.flink.runtime.state.storage.FileSystemCheckpointStorage@df71dfb
2026-02-26 18:12:33,384 INFO  org.apache.flink.streaming.runtime.tasks.StreamTask          [] - Using job/cluster config to configure application-defined state backend: EmbeddedRocksDBStateBackend{, localRocksDbDirectories=null, enableIncrementalCheckpointing=FALSE, numberOfTransferThreads=4, writeBatchSize=2097152}
2026-02-26 18:12:33,384 INFO  org.apache.flink.contrib.streaming.state.EmbeddedRocksDBStateBackend [] - Using predefined options: DEFAULT.
2026-02-26 18:12:33,384 INFO  org.apache.flink.streaming.runtime.tasks.StreamTask          [] - Using application-defined state backend: EmbeddedRocksDBStateBackend{, localRocksDbDirectories=null, enableIncrementalCheckpointing=FALSE, numberOfTransferThreads=4, writeBatchSize=2097152}
2026-02-26 18:12:33,384 INFO  org.apache.flink.runtime.state.StateBackendLoader            [] - State backend loader loads the state backend as EmbeddedRocksDBStateBackend
2026-02-26 18:12:33,384 INFO  org.apache.flink.runtime.taskmanager.Task                    [] - GlobalWindowAggregate[5] -> Calc[6] -> ConstraintEnforcer[7] (1/1)#250 (157446549108abb39eed08c050430ddf_b4aad71b19987a9b4ab3df8419834343_0_250) switched from DEPLOYING to INITIALIZING.
2026-02-26 18:12:33,384 INFO  org.apache.flink.streaming.runtime.tasks.StreamTask          [] - Using job/cluster config to configure application-defined checkpoint storage: org.apache.flink.runtime.state.storage.FileSystemCheckpointStorage@df71dfb
2026-02-26 18:12:33,384 INFO  org.apache.flink.runtime.taskmanager.Task                    [] - IcebergStreamWriter (1/1)#250 (157446549108abb39eed08c050430ddf_c6896de44db0507f29b53f17bbdc9b91_0_250) switched from DEPLOYING to INITIALIZING.
2026-02-26 18:12:33,384 INFO  org.apache.flink.runtime.taskexecutor.TaskExecutor           [] - Received task IcebergFilesCommitter -> Sink: IcebergSink iceberg.ecommerce.recent_events (1/1)#250 (157446549108abb39eed08c050430ddf_50eca1d9ac2432a4a999299c9adf674c_0_250), deploy into slot with allocation id 0b8df65e3a66b1cf2aeecbd649b0a236.
2026-02-26 18:12:33,386 INFO  org.apache.flink.contrib.streaming.state.EmbeddedRocksDBStateBackend [] - Getting shared memory for RocksDB: shareScope=SLOT, managed=false
2026-02-26 18:12:33,388 INFO  org.apache.flink.table.runtime.util.collections.binary.AbstractBytesMultiMap [] - BytesMultiMap with initial memory segments 1740, 57016320 in bytes, init allocating 32 for bucket area.
2026-02-26 18:12:33,394 INFO  org.apache.flink.streaming.runtime.tasks.StreamTask          [] - Using job/cluster config to configure application-defined state backend: EmbeddedRocksDBStateBackend{, localRocksDbDirectories=null, enableIncrementalCheckpointing=FALSE, numberOfTransferThreads=4, writeBatchSize=2097152}
2026-02-26 18:12:33,396 INFO  org.apache.flink.contrib.streaming.state.EmbeddedRocksDBStateBackend [] - Obtained shared RocksDB cache of size 114085070 bytes
2026-02-26 18:12:33,396 INFO  org.apache.flink.contrib.streaming.state.EmbeddedRocksDBStateBackend [] - Using predefined options: DEFAULT.
2026-02-26 18:12:33,400 INFO  org.apache.flink.streaming.runtime.tasks.StreamTask          [] - Using application-defined state backend: EmbeddedRocksDBStateBackend{, localRocksDbDirectories=null, enableIncrementalCheckpointing=FALSE, numberOfTransferThreads=4, writeBatchSize=2097152}
2026-02-26 18:12:33,400 INFO  org.apache.flink.runtime.state.StateBackendLoader            [] - State backend loader loads the state backend as EmbeddedRocksDBStateBackend
2026-02-26 18:12:33,401 INFO  org.apache.flink.streaming.runtime.tasks.StreamTask          [] - Using job/cluster config to configure application-defined checkpoint storage: org.apache.flink.runtime.state.storage.FileSystemCheckpointStorage@df71dfb
2026-02-26 18:12:33,401 INFO  org.apache.flink.runtime.taskmanager.Task                    [] - IcebergFilesCommitter -> Sink: IcebergSink iceberg.ecommerce.live_cart_metrics (1/1)#250 (157446549108abb39eed08c050430ddf_4bd66da04bd65761bc3ab578cbeb4c9c_0_250) switched from DEPLOYING to INITIALIZING.
2026-02-26 18:12:33,410 INFO  org.apache.flink.runtime.taskmanager.Task                    [] - Source: ecommerce_kafka_source[1] -> (Calc[2] -> LocalWindowAggregate[3], Calc[8] -> ConstraintEnforcer[9]) (1/1)#250 (157446549108abb39eed08c050430ddf_e3dfc0d7e9ecd8a43f85f0b68ebf3b80_0_250) switched from INITIALIZING to RUNNING.
2026-02-26 18:12:33,402 INFO  org.apache.flink.runtime.taskmanager.Task                    [] - Attempting to cancel task IcebergStreamWriter (1/1)#250 (157446549108abb39eed08c050430ddf_c6896de44db0507f29b53f17bbdc9b91_0_250).
2026-02-26 18:12:33,411 INFO  org.apache.flink.runtime.taskmanager.Task                    [] - IcebergStreamWriter (1/1)#250 (157446549108abb39eed08c050430ddf_c6896de44db0507f29b53f17bbdc9b91_0_250) switched from INITIALIZING to CANCELING.
2026-02-26 18:12:33,412 INFO  org.apache.flink.runtime.taskmanager.Task                    [] - Triggering cancellation of task code IcebergStreamWriter (1/1)#250 (157446549108abb39eed08c050430ddf_c6896de44db0507f29b53f17bbdc9b91_0_250).
2026-02-26 18:12:33,405 INFO  org.apache.flink.contrib.streaming.state.EmbeddedRocksDBStateBackend [] - Getting shared memory for RocksDB: shareScope=SLOT, managed=false
2026-02-26 18:12:33,404 INFO  org.apache.flink.runtime.taskmanager.Task                    [] - IcebergFilesCommitter -> Sink: IcebergSink iceberg.ecommerce.recent_events (1/1)#250 (157446549108abb39eed08c050430ddf_50eca1d9ac2432a4a999299c9adf674c_0_250) switched from CREATED to DEPLOYING.
2026-02-26 18:12:33,416 INFO  org.apache.flink.runtime.taskmanager.Task                    [] - Loading JAR files for task IcebergFilesCommitter -> Sink: IcebergSink iceberg.ecommerce.recent_events (1/1)#250 (157446549108abb39eed08c050430ddf_50eca1d9ac2432a4a999299c9adf674c_0_250) [DEPLOYING].
2026-02-26 18:12:33,417 INFO  org.apache.flink.streaming.runtime.tasks.StreamTask          [] - Using job/cluster config to configure application-defined state backend: EmbeddedRocksDBStateBackend{, localRocksDbDirectories=null, enableIncrementalCheckpointing=FALSE, numberOfTransferThreads=4, writeBatchSize=2097152}
2026-02-26 18:12:33,417 INFO  org.apache.flink.contrib.streaming.state.EmbeddedRocksDBStateBackend [] - Using predefined options: DEFAULT.
2026-02-26 18:12:33,417 INFO  org.apache.flink.streaming.runtime.tasks.StreamTask          [] - Using application-defined state backend: EmbeddedRocksDBStateBackend{, localRocksDbDirectories=null, enableIncrementalCheckpointing=FALSE, numberOfTransferThreads=4, writeBatchSize=2097152}
2026-02-26 18:12:33,417 INFO  org.apache.flink.runtime.state.StateBackendLoader            [] - State backend loader loads the state backend as EmbeddedRocksDBStateBackend
2026-02-26 18:12:33,418 INFO  org.apache.flink.streaming.runtime.tasks.StreamTask          [] - Using job/cluster config to configure application-defined checkpoint storage: org.apache.flink.runtime.state.storage.FileSystemCheckpointStorage@df71dfb
2026-02-26 18:12:33,418 INFO  org.apache.flink.runtime.taskmanager.Task                    [] - IcebergFilesCommitter -> Sink: IcebergSink iceberg.ecommerce.recent_events (1/1)#250 (157446549108abb39eed08c050430ddf_50eca1d9ac2432a4a999299c9adf674c_0_250) switched from DEPLOYING to INITIALIZING.
2026-02-26 18:12:33,418 INFO  org.apache.flink.runtime.taskmanager.Task                    [] - Attempting to cancel task GlobalWindowAggregate[5] -> Calc[6] -> ConstraintEnforcer[7] (1/1)#250 (157446549108abb39eed08c050430ddf_b4aad71b19987a9b4ab3df8419834343_0_250).
2026-02-26 18:12:33,419 INFO  org.apache.flink.runtime.taskmanager.Task                    [] - GlobalWindowAggregate[5] -> Calc[6] -> ConstraintEnforcer[7] (1/1)#250 (157446549108abb39eed08c050430ddf_b4aad71b19987a9b4ab3df8419834343_0_250) switched from INITIALIZING to CANCELING.
2026-02-26 18:12:33,419 INFO  org.apache.flink.runtime.taskmanager.Task                    [] - Triggering cancellation of task code GlobalWindowAggregate[5] -> Calc[6] -> ConstraintEnforcer[7] (1/1)#250 (157446549108abb39eed08c050430ddf_b4aad71b19987a9b4ab3df8419834343_0_250).
2026-02-26 18:12:33,421 INFO  org.apache.flink.runtime.taskmanager.Task                    [] - Attempting to cancel task Source: ecommerce_kafka_source[1] -> (Calc[2] -> LocalWindowAggregate[3], Calc[8] -> ConstraintEnforcer[9]) (1/1)#250 (157446549108abb39eed08c050430ddf_e3dfc0d7e9ecd8a43f85f0b68ebf3b80_0_250).
2026-02-26 18:12:33,423 INFO  org.apache.flink.runtime.taskmanager.Task                    [] - Source: ecommerce_kafka_source[1] -> (Calc[2] -> LocalWindowAggregate[3], Calc[8] -> ConstraintEnforcer[9]) (1/1)#250 (157446549108abb39eed08c050430ddf_e3dfc0d7e9ecd8a43f85f0b68ebf3b80_0_250) switched from RUNNING to CANCELING.
2026-02-26 18:12:33,423 INFO  org.apache.flink.runtime.taskmanager.Task                    [] - Triggering cancellation of task code Source: ecommerce_kafka_source[1] -> (Calc[2] -> LocalWindowAggregate[3], Calc[8] -> ConstraintEnforcer[9]) (1/1)#250 (157446549108abb39eed08c050430ddf_e3dfc0d7e9ecd8a43f85f0b68ebf3b80_0_250).
2026-02-26 18:12:33,424 INFO  org.apache.flink.contrib.streaming.state.EmbeddedRocksDBStateBackend [] - Obtained shared RocksDB cache of size 114085070 bytes
2026-02-26 18:12:33,429 INFO  org.apache.flink.connector.base.source.reader.SourceReaderBase [] - Closing Source Reader.
2026-02-26 18:12:33,431 INFO  org.apache.flink.runtime.taskmanager.Task                    [] - Source: ecommerce_kafka_source[1] -> (Calc[2] -> LocalWindowAggregate[3], Calc[8] -> ConstraintEnforcer[9]) (1/1)#250 (157446549108abb39eed08c050430ddf_e3dfc0d7e9ecd8a43f85f0b68ebf3b80_0_250) switched from CANCELING to CANCELED.
2026-02-26 18:12:33,431 INFO  org.apache.flink.runtime.taskmanager.Task                    [] - Freeing task resources for Source: ecommerce_kafka_source[1] -> (Calc[2] -> LocalWindowAggregate[3], Calc[8] -> ConstraintEnforcer[9]) (1/1)#250 (157446549108abb39eed08c050430ddf_e3dfc0d7e9ecd8a43f85f0b68ebf3b80_0_250).
2026-02-26 18:12:33,449 INFO  org.apache.flink.contrib.streaming.state.RocksDBKeyedStateBackendBuilder [] - Finished building RocksDB keyed state-backend at /tmp/tm_172.22.0.6:41503-29d631/tmp/job_0b776b90aac265ebb7dbc036cf71099e_op_IcebergStreamWriter_0d53c332b8750f764bbfb292788c2ab4__1_1__uuid_99a95f83-9ed5-4fbc-8746-d16d97d77936.
2026-02-26 18:12:33,464 INFO  org.apache.iceberg.CatalogUtil                               [] - Loading custom FileIO implementation: org.apache.iceberg.aws.s3.S3FileIO
2026-02-26 18:12:33,470 INFO  org.apache.flink.runtime.taskmanager.Task                    [] - Attempting to cancel task IcebergStreamWriter (1/1)#250 (157446549108abb39eed08c050430ddf_0d53c332b8750f764bbfb292788c2ab4_0_250).
2026-02-26 18:12:33,470 INFO  org.apache.flink.runtime.taskmanager.Task                    [] - IcebergStreamWriter (1/1)#250 (157446549108abb39eed08c050430ddf_0d53c332b8750f764bbfb292788c2ab4_0_250) switched from INITIALIZING to CANCELING.
2026-02-26 18:12:33,470 INFO  org.apache.flink.runtime.taskmanager.Task                    [] - Triggering cancellation of task code IcebergStreamWriter (1/1)#250 (157446549108abb39eed08c050430ddf_0d53c332b8750f764bbfb292788c2ab4_0_250).
2026-02-26 18:12:33,471 INFO  org.apache.iceberg.CatalogUtil                               [] - Loading custom FileIO implementation: org.apache.iceberg.aws.s3.S3FileIO
2026-02-26 18:12:33,498 INFO  org.apache.flink.contrib.streaming.state.RocksDBKeyedStateBackendBuilder [] - Finished building RocksDB keyed state-backend at /tmp/tm_172.22.0.6:41503-29d631/tmp/job_0b776b90aac265ebb7dbc036cf71099e_op_IcebergStreamWriter_c6896de44db0507f29b53f17bbdc9b91__1_1__uuid_79e1cdcd-1cea-4a2b-8fd6-10ee87e5b587.
2026-02-26 18:12:33,499 INFO  org.apache.flink.contrib.streaming.state.RocksDBKeyedStateBackend [] - Closed RocksDB State Backend. Cleaning up RocksDB working directory /tmp/tm_172.22.0.6:41503-29d631/tmp/job_0b776b90aac265ebb7dbc036cf71099e_op_IcebergStreamWriter_c6896de44db0507f29b53f17bbdc9b91__1_1__uuid_79e1cdcd-1cea-4a2b-8fd6-10ee87e5b587.
2026-02-26 18:12:33,500 INFO  org.apache.flink.runtime.taskmanager.Task                    [] - IcebergStreamWriter (1/1)#250 (157446549108abb39eed08c050430ddf_c6896de44db0507f29b53f17bbdc9b91_0_250) switched from CANCELING to CANCELED.
2026-02-26 18:12:33,500 INFO  org.apache.flink.runtime.taskmanager.Task                    [] - Freeing task resources for IcebergStreamWriter (1/1)#250 (157446549108abb39eed08c050430ddf_c6896de44db0507f29b53f17bbdc9b91_0_250).
2026-02-26 18:12:33,505 INFO  org.apache.flink.runtime.taskmanager.Task                    [] - Attempting to cancel task IcebergFilesCommitter -> Sink: IcebergSink iceberg.ecommerce.live_cart_metrics (1/1)#250 (157446549108abb39eed08c050430ddf_4bd66da04bd65761bc3ab578cbeb4c9c_0_250).
2026-02-26 18:12:33,505 INFO  org.apache.flink.runtime.taskmanager.Task                    [] - IcebergFilesCommitter -> Sink: IcebergSink iceberg.ecommerce.live_cart_metrics (1/1)#250 (157446549108abb39eed08c050430ddf_4bd66da04bd65761bc3ab578cbeb4c9c_0_250) switched from INITIALIZING to CANCELING.
2026-02-26 18:12:33,505 INFO  org.apache.flink.runtime.taskmanager.Task                    [] - Triggering cancellation of task code IcebergFilesCommitter -> Sink: IcebergSink iceberg.ecommerce.live_cart_metrics (1/1)#250 (157446549108abb39eed08c050430ddf_4bd66da04bd65761bc3ab578cbeb4c9c_0_250).
2026-02-26 18:12:33,509 INFO  org.apache.hadoop.io.compress.CodecPool                      [] - Got brand-new compressor [.zstd]
2026-02-26 18:12:33,523 INFO  org.apache.flink.runtime.taskmanager.Task                    [] - Attempting to cancel task IcebergFilesCommitter -> Sink: IcebergSink iceberg.ecommerce.recent_events (1/1)#250 (157446549108abb39eed08c050430ddf_50eca1d9ac2432a4a999299c9adf674c_0_250).
2026-02-26 18:12:33,525 INFO  org.apache.flink.runtime.taskmanager.Task                    [] - IcebergFilesCommitter -> Sink: IcebergSink iceberg.ecommerce.recent_events (1/1)#250 (157446549108abb39eed08c050430ddf_50eca1d9ac2432a4a999299c9adf674c_0_250) switched from INITIALIZING to CANCELING.
2026-02-26 18:12:33,526 INFO  org.apache.flink.runtime.taskmanager.Task                    [] - Triggering cancellation of task code IcebergFilesCommitter -> Sink: IcebergSink iceberg.ecommerce.recent_events (1/1)#250 (157446549108abb39eed08c050430ddf_50eca1d9ac2432a4a999299c9adf674c_0_250).
2026-02-26 18:12:33,524 INFO  org.apache.flink.contrib.streaming.state.RocksDBKeyedStateBackendBuilder [] - Finished building RocksDB keyed state-backend at /tmp/tm_172.22.0.6:41503-29d631/tmp/job_0b776b90aac265ebb7dbc036cf71099e_op_SlicingWindowOperator_b4aad71b19987a9b4ab3df8419834343__1_1__uuid_119e7d45-d1f2-4107-a673-fdcee1108709.
2026-02-26 18:12:33,531 INFO  org.apache.flink.contrib.streaming.state.RocksDBKeyedStateBackend [] - Closed RocksDB State Backend. Cleaning up RocksDB working directory /tmp/tm_172.22.0.6:41503-29d631/tmp/job_0b776b90aac265ebb7dbc036cf71099e_op_SlicingWindowOperator_b4aad71b19987a9b4ab3df8419834343__1_1__uuid_119e7d45-d1f2-4107-a673-fdcee1108709.
2026-02-26 18:12:33,532 INFO  org.apache.hadoop.io.compress.CodecPool                      [] - Got brand-new compressor [.zstd]
2026-02-26 18:12:33,534 INFO  org.apache.flink.runtime.taskmanager.Task                    [] - Attempting to cancel task Source: ecommerce_kafka_source[1] -> (Calc[2] -> LocalWindowAggregate[3], Calc[8] -> ConstraintEnforcer[9]) (1/1)#250 (157446549108abb39eed08c050430ddf_e3dfc0d7e9ecd8a43f85f0b68ebf3b80_0_250).
2026-02-26 18:12:33,534 INFO  org.apache.flink.runtime.taskmanager.Task                    [] - Task Source: ecommerce_kafka_source[1] -> (Calc[2] -> LocalWindowAggregate[3], Calc[8] -> ConstraintEnforcer[9]) (1/1)#250 is already in state CANCELED
2026-02-26 18:12:33,534 INFO  org.apache.flink.runtime.taskmanager.Task                    [] - Attempting to fail task externally Source: ecommerce_kafka_source[1] -> (Calc[2] -> LocalWindowAggregate[3], Calc[8] -> ConstraintEnforcer[9]) (1/1)#250 (157446549108abb39eed08c050430ddf_e3dfc0d7e9ecd8a43f85f0b68ebf3b80_0_250).
2026-02-26 18:12:33,534 INFO  org.apache.flink.runtime.taskmanager.Task                    [] - Task Source: ecommerce_kafka_source[1] -> (Calc[2] -> LocalWindowAggregate[3], Calc[8] -> ConstraintEnforcer[9]) (1/1)#250 is already in state CANCELED
2026-02-26 18:12:33,534 INFO  org.apache.flink.runtime.taskmanager.Task                    [] - Attempting to cancel task IcebergStreamWriter (1/1)#250 (157446549108abb39eed08c050430ddf_0d53c332b8750f764bbfb292788c2ab4_0_250).
2026-02-26 18:12:33,534 INFO  org.apache.flink.runtime.taskmanager.Task                    [] - Task IcebergStreamWriter (1/1)#250 is already in state CANCELING
2026-02-26 18:12:33,534 INFO  org.apache.flink.runtime.taskmanager.Task                    [] - Attempting to fail task externally IcebergStreamWriter (1/1)#250 (157446549108abb39eed08c050430ddf_0d53c332b8750f764bbfb292788c2ab4_0_250).
2026-02-26 18:12:33,534 INFO  org.apache.flink.runtime.taskmanager.Task                    [] - Task IcebergStreamWriter (1/1)#250 is already in state CANCELING
2026-02-26 18:12:33,534 INFO  org.apache.flink.runtime.taskmanager.Task                    [] - Attempting to cancel task GlobalWindowAggregate[5] -> Calc[6] -> ConstraintEnforcer[7] (1/1)#250 (157446549108abb39eed08c050430ddf_b4aad71b19987a9b4ab3df8419834343_0_250).
2026-02-26 18:12:33,534 INFO  org.apache.flink.runtime.taskmanager.Task                    [] - Task GlobalWindowAggregate[5] -> Calc[6] -> ConstraintEnforcer[7] (1/1)#250 is already in state CANCELING
2026-02-26 18:12:33,534 INFO  org.apache.flink.runtime.taskmanager.Task                    [] - Attempting to fail task externally GlobalWindowAggregate[5] -> Calc[6] -> ConstraintEnforcer[7] (1/1)#250 (157446549108abb39eed08c050430ddf_b4aad71b19987a9b4ab3df8419834343_0_250).
2026-02-26 18:12:33,534 INFO  org.apache.flink.runtime.taskmanager.Task                    [] - Task GlobalWindowAggregate[5] -> Calc[6] -> ConstraintEnforcer[7] (1/1)#250 is already in state CANCELING
2026-02-26 18:12:33,534 INFO  org.apache.flink.runtime.taskmanager.Task                    [] - Attempting to cancel task IcebergStreamWriter (1/1)#250 (157446549108abb39eed08c050430ddf_c6896de44db0507f29b53f17bbdc9b91_0_250).
2026-02-26 18:12:33,534 INFO  org.apache.flink.runtime.taskmanager.Task                    [] - Task IcebergStreamWriter (1/1)#250 is already in state CANCELED
2026-02-26 18:12:33,534 INFO  org.apache.flink.runtime.taskmanager.Task                    [] - Attempting to fail task externally IcebergStreamWriter (1/1)#250 (157446549108abb39eed08c050430ddf_c6896de44db0507f29b53f17bbdc9b91_0_250).
2026-02-26 18:12:33,534 INFO  org.apache.flink.runtime.taskmanager.Task                    [] - Task IcebergStreamWriter (1/1)#250 is already in state CANCELED
2026-02-26 18:12:33,534 INFO  org.apache.flink.runtime.taskmanager.Task                    [] - Attempting to fail task externally Source: ecommerce_kafka_source[1] -> (Calc[2] -> LocalWindowAggregate[3], Calc[8] -> ConstraintEnforcer[9]) (1/1)#250 (157446549108abb39eed08c050430ddf_e3dfc0d7e9ecd8a43f85f0b68ebf3b80_0_250).
2026-02-26 18:12:33,534 INFO  org.apache.flink.runtime.taskmanager.Task                    [] - Task Source: ecommerce_kafka_source[1] -> (Calc[2] -> LocalWindowAggregate[3], Calc[8] -> ConstraintEnforcer[9]) (1/1)#250 is already in state CANCELED
2026-02-26 18:12:33,534 INFO  org.apache.flink.runtime.taskmanager.Task                    [] - Attempting to cancel task IcebergFilesCommitter -> Sink: IcebergSink iceberg.ecommerce.live_cart_metrics (1/1)#250 (157446549108abb39eed08c050430ddf_4bd66da04bd65761bc3ab578cbeb4c9c_0_250).
2026-02-26 18:12:33,534 INFO  org.apache.flink.runtime.taskmanager.Task                    [] - Task IcebergFilesCommitter -> Sink: IcebergSink iceberg.ecommerce.live_cart_metrics (1/1)#250 is already in state CANCELING
2026-02-26 18:12:33,534 INFO  org.apache.flink.runtime.taskmanager.Task                    [] - Attempting to fail task externally IcebergFilesCommitter -> Sink: IcebergSink iceberg.ecommerce.live_cart_metrics (1/1)#250 (157446549108abb39eed08c050430ddf_4bd66da04bd65761bc3ab578cbeb4c9c_0_250).
2026-02-26 18:12:33,534 INFO  org.apache.flink.runtime.taskmanager.Task                    [] - Task IcebergFilesCommitter -> Sink: IcebergSink iceberg.ecommerce.live_cart_metrics (1/1)#250 is already in state CANCELING
2026-02-26 18:12:33,535 INFO  org.apache.flink.runtime.taskmanager.Task                    [] - Attempting to cancel task Source: ecommerce_kafka_source[1] -> (Calc[2] -> LocalWindowAggregate[3], Calc[8] -> ConstraintEnforcer[9]) (1/1)#250 (157446549108abb39eed08c050430ddf_e3dfc0d7e9ecd8a43f85f0b68ebf3b80_0_250).
2026-02-26 18:12:33,535 INFO  org.apache.flink.runtime.taskmanager.Task                    [] - Task Source: ecommerce_kafka_source[1] -> (Calc[2] -> LocalWindowAggregate[3], Calc[8] -> ConstraintEnforcer[9]) (1/1)#250 is already in state CANCELED
2026-02-26 18:12:33,535 INFO  org.apache.flink.runtime.taskmanager.Task                    [] - Attempting to fail task externally Source: ecommerce_kafka_source[1] -> (Calc[2] -> LocalWindowAggregate[3], Calc[8] -> ConstraintEnforcer[9]) (1/1)#250 (157446549108abb39eed08c050430ddf_e3dfc0d7e9ecd8a43f85f0b68ebf3b80_0_250).
2026-02-26 18:12:33,535 INFO  org.apache.flink.runtime.taskmanager.Task                    [] - Task Source: ecommerce_kafka_source[1] -> (Calc[2] -> LocalWindowAggregate[3], Calc[8] -> ConstraintEnforcer[9]) (1/1)#250 is already in state CANCELED
2026-02-26 18:12:33,535 INFO  org.apache.flink.runtime.taskmanager.Task                    [] - Attempting to cancel task IcebergFilesCommitter -> Sink: IcebergSink iceberg.ecommerce.recent_events (1/1)#250 (157446549108abb39eed08c050430ddf_50eca1d9ac2432a4a999299c9adf674c_0_250).
2026-02-26 18:12:33,535 INFO  org.apache.flink.runtime.taskmanager.Task                    [] - Task IcebergFilesCommitter -> Sink: IcebergSink iceberg.ecommerce.recent_events (1/1)#250 is already in state CANCELING
2026-02-26 18:12:33,535 INFO  org.apache.flink.runtime.taskmanager.Task                    [] - Attempting to fail task externally IcebergFilesCommitter -> Sink: IcebergSink iceberg.ecommerce.recent_events (1/1)#250 (157446549108abb39eed08c050430ddf_50eca1d9ac2432a4a999299c9adf674c_0_250).
2026-02-26 18:12:33,535 INFO  org.apache.flink.runtime.taskmanager.Task                    [] - Task IcebergFilesCommitter -> Sink: IcebergSink iceberg.ecommerce.recent_events (1/1)#250 is already in state CANCELING
2026-02-26 18:12:33,535 INFO  org.apache.flink.runtime.taskexecutor.TaskExecutor           [] - Un-registering task and sending final execution state CANCELED to JobManager for task Source: ecommerce_kafka_source[1] -> (Calc[2] -> LocalWindowAggregate[3], Calc[8] -> ConstraintEnforcer[9]) (1/1)#250 157446549108abb39eed08c050430ddf_e3dfc0d7e9ecd8a43f85f0b68ebf3b80_0_250.
2026-02-26 18:12:33,535 INFO  org.apache.flink.runtime.taskexecutor.TaskExecutor           [] - Un-registering task and sending final execution state CANCELED to JobManager for task IcebergStreamWriter (1/1)#250 157446549108abb39eed08c050430ddf_c6896de44db0507f29b53f17bbdc9b91_0_250.
2026-02-26 18:12:33,543 INFO  org.apache.flink.runtime.taskmanager.Task                    [] - GlobalWindowAggregate[5] -> Calc[6] -> ConstraintEnforcer[7] (1/1)#250 (157446549108abb39eed08c050430ddf_b4aad71b19987a9b4ab3df8419834343_0_250) switched from CANCELING to CANCELED.
2026-02-26 18:12:33,543 INFO  org.apache.flink.runtime.taskmanager.Task                    [] - Freeing task resources for GlobalWindowAggregate[5] -> Calc[6] -> ConstraintEnforcer[7] (1/1)#250 (157446549108abb39eed08c050430ddf_b4aad71b19987a9b4ab3df8419834343_0_250).
2026-02-26 18:12:33,544 INFO  org.apache.flink.runtime.taskexecutor.TaskExecutor           [] - Un-registering task and sending final execution state CANCELED to JobManager for task GlobalWindowAggregate[5] -> Calc[6] -> ConstraintEnforcer[7] (1/1)#250 157446549108abb39eed08c050430ddf_b4aad71b19987a9b4ab3df8419834343_0_250.
2026-02-26 18:12:33,571 INFO  org.apache.flink.runtime.taskmanager.Task                    [] - IcebergFilesCommitter -> Sink: IcebergSink iceberg.ecommerce.recent_events (1/1)#250 (157446549108abb39eed08c050430ddf_50eca1d9ac2432a4a999299c9adf674c_0_250) switched from CANCELING to CANCELED.
2026-02-26 18:12:33,571 INFO  org.apache.flink.runtime.taskmanager.Task                    [] - Freeing task resources for IcebergFilesCommitter -> Sink: IcebergSink iceberg.ecommerce.recent_events (1/1)#250 (157446549108abb39eed08c050430ddf_50eca1d9ac2432a4a999299c9adf674c_0_250).
2026-02-26 18:12:33,572 INFO  org.apache.flink.runtime.taskexecutor.TaskExecutor           [] - Un-registering task and sending final execution state CANCELED to JobManager for task IcebergFilesCommitter -> Sink: IcebergSink iceberg.ecommerce.recent_events (1/1)#250 157446549108abb39eed08c050430ddf_50eca1d9ac2432a4a999299c9adf674c_0_250.
2026-02-26 18:12:33,575 INFO  org.apache.flink.runtime.taskmanager.Task                    [] - IcebergFilesCommitter -> Sink: IcebergSink iceberg.ecommerce.live_cart_metrics (1/1)#250 (157446549108abb39eed08c050430ddf_4bd66da04bd65761bc3ab578cbeb4c9c_0_250) switched from CANCELING to CANCELED.
2026-02-26 18:12:33,575 INFO  org.apache.flink.runtime.taskmanager.Task                    [] - Freeing task resources for IcebergFilesCommitter -> Sink: IcebergSink iceberg.ecommerce.live_cart_metrics (1/1)#250 (157446549108abb39eed08c050430ddf_4bd66da04bd65761bc3ab578cbeb4c9c_0_250).
2026-02-26 18:12:33,576 INFO  org.apache.flink.runtime.taskexecutor.TaskExecutor           [] - Un-registering task and sending final execution state CANCELED to JobManager for task IcebergFilesCommitter -> Sink: IcebergSink iceberg.ecommerce.live_cart_metrics (1/1)#250 157446549108abb39eed08c050430ddf_4bd66da04bd65761bc3ab578cbeb4c9c_0_250.
2026-02-26 18:12:33,577 INFO  org.apache.flink.contrib.streaming.state.RocksDBKeyedStateBackend [] - Closed RocksDB State Backend. Cleaning up RocksDB working directory /tmp/tm_172.22.0.6:41503-29d631/tmp/job_0b776b90aac265ebb7dbc036cf71099e_op_IcebergStreamWriter_0d53c332b8750f764bbfb292788c2ab4__1_1__uuid_99a95f83-9ed5-4fbc-8746-d16d97d77936.
